<?xml version="1.0" encoding="UTF-8"?>
<!-- Generated by org.testng.reporters.JUnitReportReporter -->
<testsuite hostname="MSI" failures="0" tests="1" name="com.Equarz.Testcases.Logouttest" time="42.090" errors="0" timestamp="2023-10-19T11:57:46 IST" skipped="0">
  <testcase classname="com.Equarz.Testcases.Logouttest" name="signout" time="42.090"/>
</testsuite> <!-- com.Equarz.Testcases.Logouttest -->
