<?xml version="1.0" encoding="UTF-8"?>
<!-- Generated by org.testng.reporters.JUnitReportReporter -->
<testsuite hostname="MSI" failures="0" tests="1" name="com.Equarz.Testcases.Searchtest" time="54.531" errors="0" timestamp="2023-10-10T12:26:09 IST" skipped="0">
  <testcase classname="com.Equarz.Testcases.Searchtest" name="search1" time="54.531"/>
</testsuite> <!-- com.Equarz.Testcases.Searchtest -->
