<?xml version="1.0" encoding="UTF-8"?>
<!-- Generated by org.testng.reporters.JUnitReportReporter -->
<testsuite hostname="MSI" failures="0" tests="1" name="com.Equarz.Testcases.RegTest" time="6.331" errors="0" timestamp="2023-10-09T13:03:24 IST" skipped="0">
  <testcase classname="com.Equarz.Testcases.RegTest" name="Givenurl" time="6.331"/>
</testsuite> <!-- com.Equarz.Testcases.RegTest -->
